<?xml version="1.0" encoding="UTF-8"?>
<testng-results ignored="0" total="1" passed="1" failed="0" skipped="0">
  <reporter-output>
  </reporter-output>
  <suite started-at="2023-11-02T17:06:26 IST" name="Default suite" finished-at="2023-11-02T17:06:35 IST" duration-ms="9114">
    <groups>
    </groups>
    <test started-at="2023-11-02T17:06:26 IST" name="Default test" finished-at="2023-11-02T17:06:35 IST" duration-ms="9114">
      <class name="mavenpkg.Fblogintest">
        <test-method is-config="true" signature="setup()[pri:0, instance:mavenpkg.Fblogintest@3d51f06e]" started-at="2023-11-02T17:06:26 IST" name="setup" finished-at="2023-11-02T17:06:35 IST" duration-ms="8730" status="PASS">
          <reporter-output>
          </reporter-output>
        </test-method> <!-- setup -->
        <test-method signature="test()[pri:0, instance:mavenpkg.Fblogintest@3d51f06e]" started-at="2023-11-02T17:06:35 IST" name="test" finished-at="2023-11-02T17:06:35 IST" duration-ms="304" status="PASS">
          <reporter-output>
          </reporter-output>
        </test-method> <!-- test -->
      </class> <!-- mavenpkg.Fblogintest -->
    </test> <!-- Default test -->
  </suite> <!-- Default suite -->
</testng-results>
